


ARM Macro Assembler    Page 1 


    1 00000000 400FE608 
                       SYSCTL_RCGCGPIO_R
                               EQU              0x400FE608
    2 00000000 40025528 
                       GPIO_PORTF_AMSEL_R
                               EQU              0x40025528  ; Valores exclusivo
                                                            s para el puerto F.
                                                             Si lo quisieramos 
                                                            cambiar por el puer
                                                            to B, deberia ser: 
                                                            GPIO_PORTB_AMSEL_R 
                                                                EQU 0x40005528 
                                                            
    3 00000000 4002552C 
                       GPIO_PORTF_PCTL_R
                               EQU              0x4002552C  ;
    4 00000000 40025400 
                       GPIO_PORTF_DIR_R
                               EQU              0x40025400  ;
    5 00000000 40025420 
                       GPIO_PORTF_AFSEL_R
                               EQU              0x40025420  ;
    6 00000000 4002551C 
                       GPIO_PORTF_DEN_R
                               EQU              0x4002551C  ;
    7 00000000 40025008 
                       PF1     EQU              0x40025008  ;
    8 00000000 000F4240 
                       DELAY   EQU              1000000
    9 00000000         
   10 00000000                 AREA             |.text|, CODE, READONLY, ALIGN=
2
   11 00000000                 THUMB
   12 00000000                 EXPORT           Start
   13 00000000         
   14 00000000         
   15 00000000         Start
   16 00000000 F000 F801       BL               ConfigPuertoF
   17 00000004 E020            B                LED1
   18 00000006         
   19 00000006         ConfigPuertoF
   20 00000006 491B            LDR              R1, =SYSCTL_RCGCGPIO_R ; 
   21 00000008 6808            LDR              R0, [R1]
   22 0000000A F040 0020       ORR              R0, R0, #0x20
   23 0000000E 6008            STR              R0, [R1]
   24 00000010 BF00            NOP
   25 00000012 BF00            NOP
   26 00000014         
   27 00000014 4918            LDR              R1, =GPIO_PORTF_AMSEL_R ;
   28 00000016 6808            LDR              R0, [R1]
   29 00000018 F020 0002       BIC              R0, R0, #0x02
   30 0000001C 6008            STR              R0, [R1]
   31 0000001E         
   32 0000001E 4917            LDR              R1, =GPIO_PORTF_PCTL_R
   33 00000020 6808            LDR              R0, [R1]
   34 00000022 F020 6070       BIC              R0, R0, #0x0F000000 ; 
   35 00000026 6008            STR              R0, [R1]
   36 00000028         
   37 00000028 4915            LDR              R1, =GPIO_PORTF_DIR_R



ARM Macro Assembler    Page 2 


   38 0000002A 6808            LDR              R0, [R1]
   39 0000002C F040 0002       ORR              R0, R0, #0x02
   40 00000030 6008            STR              R0, [R1]
   41 00000032         
   42 00000032 4914            LDR              R1, =GPIO_PORTF_AFSEL_R
   43 00000034 6808            LDR              R0, [R1]
   44 00000036 F020 0002       BIC              R0, R0, #0x02
   45 0000003A 6008            STR              R0, [R1]
   46 0000003C         
   47 0000003C 4912            LDR              R1, =GPIO_PORTF_DEN_R
   48 0000003E 6808            LDR              R0, [R1]
   49 00000040 F040 0002       ORR              R0,#0x02    ;           
   50 00000044 6008            STR              R0, [R1]
   51 00000046         
   52 00000046 4770            BX               LR
   53 00000048         
   54 00000048         
   55 00000048         LED1
   56 00000048 4910            LDR              R1, =PF1
   57 0000004A F04F 0002       MOV              R0, #0x02   ;
   58 0000004E 6008            STR              R0, [R1]    ;
   59 00000050 490F            LDR              R1, =DELAY
   60 00000052 E7FF            B                Delay_1
   61 00000054         
   62 00000054         Delay_1
   63 00000054 F1A1 0101       SUB              R1, #1
   64 00000058 2900            CMP              R1, #0
   65 0000005A D000            BEQ              LED2
   66 0000005C E7FA            B                Delay_1
   67 0000005E         
   68 0000005E         LED2
   69 0000005E 490B            LDR              R1, =PF1
   70 00000060 F04F 0000       MOV              R0, #0x00   ;
   71 00000064 6008            STR              R0, [R1]    ;
   72 00000066 490A            LDR              R1, =DELAY
   73 00000068 E7FF            B                Delay_2
   74 0000006A         
   75 0000006A         Delay_2
   76 0000006A F1A1 0101       SUB              R1, #1
   77 0000006E 2900            CMP              R1, #0
   78 00000070 D0EA            BEQ              LED1
   79 00000072 E7FA            B                Delay_2
   80 00000074         
   81 00000074         
   82 00000074                 ALIGN
   83 00000074                 END
              400FE608 
              40025528 
              4002552C 
              40025400 
              40025420 
              4002551C 
              40025008 
              000F4240 
Command Line: --debug --xref --diag_suppress=9931 --cpu=Cortex-M4.fp --apcs=int
erwork --depend=.\objects\class2.d -o.\objects\class2.o -I.\RTE\_Target_1 -IC:\
Users\Edesalher\AppData\Local\Arm\Packs\Keil\TM4C_DFP\1.1.0\Device\Include\TM4C
123 -IC:\Keil_v5\ARM\CMSIS\Include --predefine="__EVAL SETA 1" --predefine="__U
VISION_VERSION SETA 528" --predefine="TM4C123GH6PM SETA 1" --list=.\listings\cl



ARM Macro Assembler    Page 3 


ass2.lst CLASS2.s



ARM Macro Assembler    Page 1 Alphabetic symbol ordering
Relocatable symbols

.text 00000000

Symbol: .text
   Definitions
      At line 10 in file CLASS2.s
   Uses
      None
Comment: .text unused
ConfigPuertoF 00000006

Symbol: ConfigPuertoF
   Definitions
      At line 19 in file CLASS2.s
   Uses
      At line 16 in file CLASS2.s
Comment: ConfigPuertoF used once
Delay_1 00000054

Symbol: Delay_1
   Definitions
      At line 62 in file CLASS2.s
   Uses
      At line 60 in file CLASS2.s
      At line 66 in file CLASS2.s

Delay_2 0000006A

Symbol: Delay_2
   Definitions
      At line 75 in file CLASS2.s
   Uses
      At line 73 in file CLASS2.s
      At line 79 in file CLASS2.s

LED1 00000048

Symbol: LED1
   Definitions
      At line 55 in file CLASS2.s
   Uses
      At line 17 in file CLASS2.s
      At line 78 in file CLASS2.s

LED2 0000005E

Symbol: LED2
   Definitions
      At line 68 in file CLASS2.s
   Uses
      At line 65 in file CLASS2.s
Comment: LED2 used once
Start 00000000

Symbol: Start
   Definitions
      At line 15 in file CLASS2.s
   Uses
      At line 12 in file CLASS2.s
Comment: Start used once



ARM Macro Assembler    Page 2 Alphabetic symbol ordering
Relocatable symbols

7 symbols



ARM Macro Assembler    Page 1 Alphabetic symbol ordering
Absolute symbols

DELAY 000F4240

Symbol: DELAY
   Definitions
      At line 8 in file CLASS2.s
   Uses
      At line 59 in file CLASS2.s
      At line 72 in file CLASS2.s

GPIO_PORTF_AFSEL_R 40025420

Symbol: GPIO_PORTF_AFSEL_R
   Definitions
      At line 5 in file CLASS2.s
   Uses
      At line 42 in file CLASS2.s
Comment: GPIO_PORTF_AFSEL_R used once
GPIO_PORTF_AMSEL_R 40025528

Symbol: GPIO_PORTF_AMSEL_R
   Definitions
      At line 2 in file CLASS2.s
   Uses
      At line 27 in file CLASS2.s
Comment: GPIO_PORTF_AMSEL_R used once
GPIO_PORTF_DEN_R 4002551C

Symbol: GPIO_PORTF_DEN_R
   Definitions
      At line 6 in file CLASS2.s
   Uses
      At line 47 in file CLASS2.s
Comment: GPIO_PORTF_DEN_R used once
GPIO_PORTF_DIR_R 40025400

Symbol: GPIO_PORTF_DIR_R
   Definitions
      At line 4 in file CLASS2.s
   Uses
      At line 37 in file CLASS2.s
Comment: GPIO_PORTF_DIR_R used once
GPIO_PORTF_PCTL_R 4002552C

Symbol: GPIO_PORTF_PCTL_R
   Definitions
      At line 3 in file CLASS2.s
   Uses
      At line 32 in file CLASS2.s
Comment: GPIO_PORTF_PCTL_R used once
PF1 40025008

Symbol: PF1
   Definitions
      At line 7 in file CLASS2.s
   Uses
      At line 56 in file CLASS2.s
      At line 69 in file CLASS2.s

SYSCTL_RCGCGPIO_R 400FE608



ARM Macro Assembler    Page 2 Alphabetic symbol ordering
Absolute symbols


Symbol: SYSCTL_RCGCGPIO_R
   Definitions
      At line 1 in file CLASS2.s
   Uses
      At line 20 in file CLASS2.s
Comment: SYSCTL_RCGCGPIO_R used once
8 symbols
351 symbols in table
