


ARM Macro Assembler    Page 1 


    1 00000000 40025400 
                       GPIO_PORTF_DIR_R
                               EQU              0x40025400  ; I/O
    2 00000000 40025420 
                       GPIO_PORTF_AFSEL_R
                               EQU              0x40025420  ; Elimina las demas
                                                             funciones
    3 00000000 40025510 
                       GPIO_PORTF_PUR_R
                               EQU              0x40025510  ; Deshabilita la re
                                                            sistencia pull up.
    4 00000000 4002551C 
                       GPIO_PORTF_DEN_R
                               EQU              0x4002551C  ; Habilita la funci
                                                            ón digital
    5 00000000 40025520 
                       GPIO_PORTF_LOCK_R
                               EQU              0x40025520  ; Desbloquea el pue
                                                            rto 
    6 00000000 40025524 
                       GPIO_PORTF_CR_R
                               EQU              0x40025524  ; Permite modificar
                                                             los registros
    7 00000000 40025528 
                       GPIO_PORTF_AMSEL_R
                               EQU              0x40025528  ; Deshabilita las f
                                                            unciones analógicas
                                                            
    8 00000000 4002552C 
                       GPIO_PORTF_PCTL_R
                               EQU              0x4002552C  ; Habilita los puer
                                                            tos como GPIO 
    9 00000000 400FE608 
                       SYSCTL_RCGCGPIO_R
                               EQU              0x400FE608  ; Configuración del
                                                             reloj.
   10 00000000 4C4F434B 
                       GPIO_LOCK_KEY
                               EQU              0x4C4F434B  ; Permite la modifi
                                                            cación de los regis
                                                            tros CR.
   11 00000000         
   12 00000000 40025004 
                       PF0     EQU              0x40025004
   13 00000000 40025008 
                       PF1     EQU              0x40025008
   14 00000000 40025010 
                       PF2     EQU              0x40025010
   15 00000000 40025020 
                       PF3     EQU              0x40025020
   16 00000000 40025040 
                       PF4     EQU              0x40025040
   17 00000000 40025038 
                       LEDS    EQU              0x40025038  ; Suma de todos los
                                                             puertos
   18 00000000 40025044 
                       SWITCHES
                               EQU              0x40025044  ; Suma de todos los
                                                             botones.



ARM Macro Assembler    Page 2 


   19 00000000 00000010 
                       SW1     EQU              0x10        ; Valor para activa
                                                            r el switch 1  (PF4
                                                            ) Valores "encender
                                                            " presentación 2   
                                                             
   20 00000000 00000001 
                       SW2     EQU              0x01        ; Valor para activa
                                                            r el switch 2   (PF
                                                            0)  
   21 00000000         
   22 00000000                 AREA             |.text|, CODE, READONLY, ALIGN=
2
   23 00000000                 THUMB
   24 00000000                 EXPORT           Start
   25 00000000         Start
   26 00000000         
   27 00000000 4933            LDR              R1, =SYSCTL_RCGCGPIO_R
   28 00000002 6808            LDR              R0, [R1]
   29 00000004 F040 0020       ORR              R0, R0, #0x20
   30 00000008 6008            STR              R0, [R1]
   31 0000000A BF00            NOP
   32 0000000C BF00            NOP
   33 0000000E         
   34 0000000E 4931            LDR              R1, =GPIO_PORTF_LOCK_R
   35 00000010 4831            LDR              R0, =GPIO_LOCK_KEY
   36 00000012 6008            STR              R0, [R1]
   37 00000014         
   38 00000014 4931            LDR              R1, =GPIO_PORTF_CR_R
   39 00000016 F04F 00FF       MOV              R0, #0xFF
   40 0000001A 6008            STR              R0, [R1]
   41 0000001C         
   42 0000001C 4930            LDR              R1, =GPIO_PORTF_DIR_R
   43 0000001E 6808            LDR              R0, [R1]
   44 00000020 F020 0011       BIC              R0, R0, #(SW1+SW2)
   45 00000024 6008            STR              R0, [R1]
   46 00000026         
   47 00000026 492F            LDR              R1, =GPIO_PORTF_AFSEL_R
   48 00000028 6808            LDR              R0, [R1]
   49 0000002A F020 0011       BIC              R0, R0, #(SW1+SW2)
   50 0000002E 6008            STR              R0, [R1]
   51 00000030         
   52 00000030 492D            LDR              R1, =GPIO_PORTF_PUR_R
   53 00000032 6808            LDR              R0, [R1]
   54 00000034 F040 0011       ORR              R0, R0, #(SW1+SW2)
   55 00000038 6008            STR              R0, [R1]
   56 0000003A         
   57 0000003A 492C            LDR              R1, =GPIO_PORTF_DEN_R
   58 0000003C 6808            LDR              R0, [R1]
   59 0000003E F040 0011       ORR              R0, R0, #(SW1+SW2)
   60 00000042 6008            STR              R0, [R1]
   61 00000044         
   62 00000044 492A            LDR              R1, =GPIO_PORTF_PCTL_R
   63 00000046 6808            LDR              R0, [R1]
   64 00000048 F020 100F       BIC              R0, R0, #0x000F000F
   65 0000004C F100 0000       ADD              R0, R0, #0x00000000
   66 00000050 6008            STR              R0, [R1]
   67 00000052         
   68 00000052 4928            LDR              R1, =GPIO_PORTF_AMSEL_R



ARM Macro Assembler    Page 3 


   69 00000054 F04F 0000       MOV              R0, #0
   70 00000058 6008            STR              R0, [R1]
   71 0000005A         
   72 0000005A 4921            LDR              R1, =GPIO_PORTF_DIR_R
   73 0000005C 6808            LDR              R0, [R1]
   74 0000005E F040 000E       ORR              R0, R0, #(0x0E)
   75 00000062 6008            STR              R0, [R1]
   76 00000064         
   77 00000064 491F            LDR              R1, =GPIO_PORTF_AFSEL_R
   78 00000066 6808            LDR              R0, [R1]
   79 00000068 F020 000E       BIC              R0, R0, #0x0E
   80 0000006C 6008            STR              R0, [R1]
   81 0000006E         
   82 0000006E 491F            LDR              R1, =GPIO_PORTF_DEN_R
   83 00000070 6808            LDR              R0, [R1]
   84 00000072 F040 000E       ORR              R0, R0, #0x0E
   85 00000076 6008            STR              R0, [R1]
   86 00000078         
   87 00000078 491D            LDR              R1, =GPIO_PORTF_PCTL_R
   88 0000007A 6808            LDR              R0, [R1]
   89 0000007C F420 407F       BIC              R0, R0, #0x0000FF00
   90 00000080 F020 00F0       BIC              R0, R0, #0x000000F0
   91 00000084 6008            STR              R0, [R1]
   92 00000086         
   93 00000086 491B            LDR              R1, =GPIO_PORTF_AMSEL_R
   94 00000088 F04F 0000       MOV              R0, #0
   95 0000008C 6008            STR              R0, [R1]
   96 0000008E 4C1A            LDR              R4, =LEDS
   97 00000090 F04F 0502       MOV              R5, #0x02
   98 00000094 F04F 0604       MOV              R6, #0x04
   99 00000098 F04F 0708       MOV              R7, #0x08
  100 0000009C F04F 0800       MOV              R8, #0
  101 000000A0 F04F 090E       MOV              R9, #0x0E
  102 000000A4         
  103 000000A4         
  104 000000A4         Leer
  105 000000A4 4915            LDR              R1, =SWITCHES
  106 000000A6 6808            LDR              R0, [R1]
  107 000000A8         
  108 000000A8         
  109 000000A8         loop
  110 000000A8         
  111 000000A8 2801            CMP              R0, #0x01
  112 000000AA D008            BEQ              B1
  113 000000AC 2810            CMP              R0, #0x10
  114 000000AE D008            BEQ              B2
  115 000000B0 2800            CMP              R0, #0x00
  116 000000B2 D008            BEQ              B1yB2
  117 000000B4 2811            CMP              R0, #0x11
  118 000000B6 D008            BEQ              Nada
  119 000000B8         
  120 000000B8 F8C4 9000       STR              R9, [R4]
  121 000000BC E7F4            B                loop
  122 000000BE         B1
  123 000000BE 6026            STR              R6, [R4]
  124 000000C0 E7F0            B                Leer
  125 000000C2         B2
  126 000000C2 6025            STR              R5, [R4]
  127 000000C4 E7EE            B                Leer



ARM Macro Assembler    Page 4 


  128 000000C6         B1yB2
  129 000000C6 6027            STR              R7, [R4]
  130 000000C8 E7EC            B                Leer
  131 000000CA         Nada
  132 000000CA F8C4 8000       STR              R8, [R4]
  133 000000CE E7E9            B                Leer
  134 000000D0         
  135 000000D0                 ALIGN
  136 000000D0                 END
              400FE608 
              40025520 
              4C4F434B 
              40025524 
              40025400 
              40025420 
              40025510 
              4002551C 
              4002552C 
              40025528 
              40025038 
              40025044 
Command Line: --debug --xref --diag_suppress=9931 --cpu=Cortex-M4.fp --apcs=int
erwork --depend=.\objects\class3.d -o.\objects\class3.o -I.\RTE\_Target_1 -IC:\
Users\Edesalher\AppData\Local\Arm\Packs\Keil\TM4C_DFP\1.1.0\Device\Include\TM4C
123 -IC:\Keil_v5\ARM\CMSIS\Include --predefine="__EVAL SETA 1" --predefine="__U
VISION_VERSION SETA 528" --predefine="TM4C123GH6PM SETA 1" --list=.\listings\cl
ass3.lst CLASS3.s



ARM Macro Assembler    Page 1 Alphabetic symbol ordering
Relocatable symbols

.text 00000000

Symbol: .text
   Definitions
      At line 22 in file CLASS3.s
   Uses
      None
Comment: .text unused
B1 000000BE

Symbol: B1
   Definitions
      At line 122 in file CLASS3.s
   Uses
      At line 112 in file CLASS3.s
Comment: B1 used once
B1yB2 000000C6

Symbol: B1yB2
   Definitions
      At line 128 in file CLASS3.s
   Uses
      At line 116 in file CLASS3.s
Comment: B1yB2 used once
B2 000000C2

Symbol: B2
   Definitions
      At line 125 in file CLASS3.s
   Uses
      At line 114 in file CLASS3.s
Comment: B2 used once
Leer 000000A4

Symbol: Leer
   Definitions
      At line 104 in file CLASS3.s
   Uses
      At line 124 in file CLASS3.s
      At line 127 in file CLASS3.s
      At line 130 in file CLASS3.s
      At line 133 in file CLASS3.s

Nada 000000CA

Symbol: Nada
   Definitions
      At line 131 in file CLASS3.s
   Uses
      At line 118 in file CLASS3.s
Comment: Nada used once
Start 00000000

Symbol: Start
   Definitions
      At line 25 in file CLASS3.s
   Uses
      At line 24 in file CLASS3.s
Comment: Start used once



ARM Macro Assembler    Page 2 Alphabetic symbol ordering
Relocatable symbols

loop 000000A8

Symbol: loop
   Definitions
      At line 109 in file CLASS3.s
   Uses
      At line 121 in file CLASS3.s
Comment: loop used once
8 symbols



ARM Macro Assembler    Page 1 Alphabetic symbol ordering
Absolute symbols

GPIO_LOCK_KEY 4C4F434B

Symbol: GPIO_LOCK_KEY
   Definitions
      At line 10 in file CLASS3.s
   Uses
      At line 35 in file CLASS3.s
Comment: GPIO_LOCK_KEY used once
GPIO_PORTF_AFSEL_R 40025420

Symbol: GPIO_PORTF_AFSEL_R
   Definitions
      At line 2 in file CLASS3.s
   Uses
      At line 47 in file CLASS3.s
      At line 77 in file CLASS3.s

GPIO_PORTF_AMSEL_R 40025528

Symbol: GPIO_PORTF_AMSEL_R
   Definitions
      At line 7 in file CLASS3.s
   Uses
      At line 68 in file CLASS3.s
      At line 93 in file CLASS3.s

GPIO_PORTF_CR_R 40025524

Symbol: GPIO_PORTF_CR_R
   Definitions
      At line 6 in file CLASS3.s
   Uses
      At line 38 in file CLASS3.s
Comment: GPIO_PORTF_CR_R used once
GPIO_PORTF_DEN_R 4002551C

Symbol: GPIO_PORTF_DEN_R
   Definitions
      At line 4 in file CLASS3.s
   Uses
      At line 57 in file CLASS3.s
      At line 82 in file CLASS3.s

GPIO_PORTF_DIR_R 40025400

Symbol: GPIO_PORTF_DIR_R
   Definitions
      At line 1 in file CLASS3.s
   Uses
      At line 42 in file CLASS3.s
      At line 72 in file CLASS3.s

GPIO_PORTF_LOCK_R 40025520

Symbol: GPIO_PORTF_LOCK_R
   Definitions
      At line 5 in file CLASS3.s
   Uses
      At line 34 in file CLASS3.s



ARM Macro Assembler    Page 2 Alphabetic symbol ordering
Absolute symbols

Comment: GPIO_PORTF_LOCK_R used once
GPIO_PORTF_PCTL_R 4002552C

Symbol: GPIO_PORTF_PCTL_R
   Definitions
      At line 8 in file CLASS3.s
   Uses
      At line 62 in file CLASS3.s
      At line 87 in file CLASS3.s

GPIO_PORTF_PUR_R 40025510

Symbol: GPIO_PORTF_PUR_R
   Definitions
      At line 3 in file CLASS3.s
   Uses
      At line 52 in file CLASS3.s
Comment: GPIO_PORTF_PUR_R used once
LEDS 40025038

Symbol: LEDS
   Definitions
      At line 17 in file CLASS3.s
   Uses
      At line 96 in file CLASS3.s
Comment: LEDS used once
PF0 40025004

Symbol: PF0
   Definitions
      At line 12 in file CLASS3.s
   Uses
      None
Comment: PF0 unused
PF1 40025008

Symbol: PF1
   Definitions
      At line 13 in file CLASS3.s
   Uses
      None
Comment: PF1 unused
PF2 40025010

Symbol: PF2
   Definitions
      At line 14 in file CLASS3.s
   Uses
      None
Comment: PF2 unused
PF3 40025020

Symbol: PF3
   Definitions
      At line 15 in file CLASS3.s
   Uses
      None
Comment: PF3 unused
PF4 40025040



ARM Macro Assembler    Page 3 Alphabetic symbol ordering
Absolute symbols


Symbol: PF4
   Definitions
      At line 16 in file CLASS3.s
   Uses
      None
Comment: PF4 unused
SW1 00000010

Symbol: SW1
   Definitions
      At line 19 in file CLASS3.s
   Uses
      At line 44 in file CLASS3.s
      At line 49 in file CLASS3.s
      At line 54 in file CLASS3.s
      At line 59 in file CLASS3.s

SW2 00000001

Symbol: SW2
   Definitions
      At line 20 in file CLASS3.s
   Uses
      At line 44 in file CLASS3.s
      At line 49 in file CLASS3.s
      At line 54 in file CLASS3.s
      At line 59 in file CLASS3.s

SWITCHES 40025044

Symbol: SWITCHES
   Definitions
      At line 18 in file CLASS3.s
   Uses
      At line 105 in file CLASS3.s
Comment: SWITCHES used once
SYSCTL_RCGCGPIO_R 400FE608

Symbol: SYSCTL_RCGCGPIO_R
   Definitions
      At line 9 in file CLASS3.s
   Uses
      At line 27 in file CLASS3.s
Comment: SYSCTL_RCGCGPIO_R used once
19 symbols
363 symbols in table
