


ARM Macro Assembler    Page 1 


    1 00000000 400FE608 
                       SYSCTL_RCGCGPIO_R
                               EQU              0x400FE608  ;Se habilita el rel
                                                            oj para la TIVA C
    2 00000000         
    3 00000000 40004528 
                       GPIO_PORTA_AMSEL_R
                               EQU              0x40004528  ;Direcciones base p
                                                            ara el puerto A.
    4 00000000 4000452C 
                       GPIO_PORTA_PCTL_R
                               EQU              0x4000452C
    5 00000000 40004400 
                       GPIO_PORTA_DIR_R
                               EQU              0x40004400
    6 00000000 40004420 
                       GPIO_PORTA_AFSEL_R
                               EQU              0x40004420
    7 00000000 4000451C 
                       GPIO_PORTA_DEN_R
                               EQU              0x4000451C
    8 00000000         
    9 00000000 40025528 
                       GPIO_PORTF_AMSEL_R
                               EQU              0x40025528  ;Direcciones base p
                                                            ara el puerto F.
   10 00000000 4002552C 
                       GPIO_PORTF_PCTL_R
                               EQU              0x4002552C
   11 00000000 40025400 
                       GPIO_PORTF_DIR_R
                               EQU              0x40025400
   12 00000000 40025420 
                       GPIO_PORTF_AFSEL_R
                               EQU              0x40025420
   13 00000000 4002551C 
                       GPIO_PORTF_DEN_R
                               EQU              0x4002551C
   14 00000000         
   15 00000000 40004020 
                       PA3     EQU              0x40004020  ;Dirección para el 
                                                            Bit 3 del puerto A,
                                                             PA3.
   16 00000000 40025020 
                       PF3     EQU              0x40025020  ;Dirección para el 
                                                            Bit 3 del puerto F,
                                                             PF3.
   17 00000000 03AA6A60 
                       DELAY   EQU              61500000    ;Delay aprox. de 19
                                                             seg.
   18 00000000         
   19 00000000                 AREA             |.text|, CODE, READONLY, ALIGN=
2
   20 00000000                 THUMB
   21 00000000                 EXPORT           Start
   22 00000000         
   23 00000000         Start
   24 00000000 F000 F807       BL               ConfigPuertoA
   25 00000004 F000 F826       BL               ConfigPuertoF



ARM Macro Assembler    Page 2 


   26 00000008 F04F 0200       MOV              R2, #0      ;x = 0
   27 0000000C F04F 0301       MOV              R3, #1      ;y = 1
   28 00000010 E041            B                CONDICION
   29 00000012         
   30 00000012         ConfigPuertoA
   31 00000012 492E            LDR              R1, =SYSCTL_RCGCGPIO_R ;Se acti
                                                            va reloj para puert
                                                            o A. 
   32 00000014 6808            LDR              R0, [R1]
   33 00000016 F040 0001       ORR              R0, R0, #0x01
   34 0000001A 6008            STR              R0, [R1]
   35 0000001C BF00            NOP
   36 0000001E BF00            NOP
   37 00000020         
   38 00000020 492B            LDR              R1, =GPIO_PORTA_AMSEL_R ;Se eli
                                                            minan las funciones
                                                             analógicas del pue
                                                            rto A.
   39 00000022 6808            LDR              R0, [R1]
   40 00000024 F020 0008       BIC              R0, R0, #0x08
   41 00000028 6008            STR              R0, [R1]
   42 0000002A         
   43 0000002A 492A            LDR              R1, =GPIO_PORTA_PCTL_R ;Se conf
                                                            igura el puerto A c
                                                            omo GPIO.
   44 0000002C 6808            LDR              R0, [R1]
   45 0000002E F020 6070       BIC              R0, R0, #0x0F000000 ; 
   46 00000032 6008            STR              R0, [R1]
   47 00000034         
   48 00000034 4928            LDR              R1, =GPIO_PORTA_DIR_R ;Se espec
                                                            ifíca la dirección 
                                                            para PA3.
   49 00000036 6808            LDR              R0, [R1]
   50 00000038 F040 0008       ORR              R0, R0, #0x08
   51 0000003C 6008            STR              R0, [R1]
   52 0000003E         
   53 0000003E 4927            LDR              R1, =GPIO_PORTA_AFSEL_R ;Se des
                                                            habilita otras func
                                                            iones de puerto A.
   54 00000040 6808            LDR              R0, [R1]
   55 00000042 F020 0008       BIC              R0, R0, #0x08
   56 00000046 6008            STR              R0, [R1]
   57 00000048         
   58 00000048 4925            LDR              R1, =GPIO_PORTA_DEN_R ;Se habil
                                                            ita la función digi
                                                            tal del puerto A.  
                                                                 
   59 0000004A 6808            LDR              R0, [R1]
   60 0000004C F040 0008       ORR              R0,#0x08
   61 00000050 6008            STR              R0, [R1]
   62 00000052         
   63 00000052 4770            BX               LR
   64 00000054         
   65 00000054         ConfigPuertoF
   66 00000054 491D            LDR              R1, =SYSCTL_RCGCGPIO_R ;Se acti
                                                            va reloj para puert
                                                            o F. 
   67 00000056 6808            LDR              R0, [R1]
   68 00000058 F040 0020       ORR              R0, R0, #0x20



ARM Macro Assembler    Page 3 


   69 0000005C 6008            STR              R0, [R1]
   70 0000005E BF00            NOP
   71 00000060 BF00            NOP
   72 00000062         
   73 00000062 4920            LDR              R1, =GPIO_PORTF_AMSEL_R ;Se eli
                                                            minan las funciones
                                                             analógicas del pue
                                                            rto F.
   74 00000064 6808            LDR              R0, [R1]
   75 00000066 F020 0008       BIC              R0, R0, #0x08
   76 0000006A 6008            STR              R0, [R1]
   77 0000006C         
   78 0000006C 491E            LDR              R1, =GPIO_PORTF_PCTL_R ;Se conf
                                                            igura el puerto F c
                                                            omo GPIO.
   79 0000006E 6808            LDR              R0, [R1]
   80 00000070 F020 6070       BIC              R0, R0, #0x0F000000 ; 
   81 00000074 6008            STR              R0, [R1]
   82 00000076         
   83 00000076 491D            LDR              R1, =GPIO_PORTF_DIR_R ;Se espec
                                                            ifÍca la dirección 
                                                            para PF3.
   84 00000078 6808            LDR              R0, [R1]
   85 0000007A F040 0008       ORR              R0, R0, #0x08
   86 0000007E 6008            STR              R0, [R1]
   87 00000080         
   88 00000080 491B            LDR              R1, =GPIO_PORTF_AFSEL_R ;Se des
                                                            habilita otras func
                                                            iones de puerto F.
   89 00000082 6808            LDR              R0, [R1]
   90 00000084 F020 0008       BIC              R0, R0, #0x08
   91 00000088 6008            STR              R0, [R1]
   92 0000008A         
   93 0000008A 491A            LDR              R1, =GPIO_PORTF_DEN_R ;Se habil
                                                            ita la función digi
                                                            tal del puerto F.  
                                                                 
   94 0000008C 6808            LDR              R0, [R1]
   95 0000008E F040 0008       ORR              R0,#0x08
   96 00000092 6008            STR              R0, [R1]
   97 00000094         
   98 00000094 4770            BX               LR
   99 00000096         
  100 00000096         CONDICION
  101 00000096         ;if(x = 0 & y = 1)
  102 00000096 2A00            CMP              R2, #0      ;if(x = 0)
  103 00000098 BF01 2B01       CMPEQ            R3, #1      ;if(y = 1)
  104 0000009C         
  105 0000009C 2201            MOVEQ            R2, #1      ;x = 1 
  106 0000009E 2300            MOVEQ            R3, #0      ;y = 0
  107 000000A0 4915            LDREQ            R1, =PA3    ;Carga en R1 la dir
                                                            ección de PA3
  108 000000A2 D004            BEQ              LED_ON
  109 000000A4         
  110 000000A4         ;else
  111 000000A4 BF1E 2200       MOVNE            R2, #0      ;x = 0
  112 000000A8 2301            MOVNE            R3, #1      ;Y = 1
  113 000000AA 4914            LDRNE            R1, =PF3    ;Carga en R1 la dir
                                                            ección de PF3



ARM Macro Assembler    Page 4 


  114 000000AC D1FF            BNE              LED_ON
  115 000000AE         
  116 000000AE         LED_ON
  117 000000AE F04F 0008       MOV              R0, #0x08
  118 000000B2 6008            STR              R0, [R1]
  119 000000B4 4C12            LDR              R4, =DELAY
  120 000000B6 E7FF            B                Delay
  121 000000B8         
  122 000000B8         Delay
  123 000000B8 F1A4 0401       SUB              R4, #1
  124 000000BC 2C00            CMP              R4, #0
  125 000000BE D000            BEQ              LED_OFF
  126 000000C0 E7FA            B                Delay
  127 000000C2         
  128 000000C2         LED_OFF
  129 000000C2 F04F 0000       MOV              R0, #0x00
  130 000000C6 6008            STR              R0, [R1]
  131 000000C8 E7E5            B                CONDICION
  132 000000CA         
  133 000000CA         
  134 000000CA 00 00           ALIGN
  135 000000CC                 END
              400FE608 
              40004528 
              4000452C 
              40004400 
              40004420 
              4000451C 
              40025528 
              4002552C 
              40025400 
              40025420 
              4002551C 
              40004020 
              40025020 
              03AA6A60 
Command Line: --debug --xref --diag_suppress=9931 --cpu=Cortex-M4.fp --apcs=int
erwork --depend=.\objects\practica2.d -o.\objects\practica2.o -I.\RTE\_Target_1
 -IC:\Users\Edesalher\AppData\Local\Arm\Packs\Keil\TM4C_DFP\1.1.0\Device\Includ
e\TM4C123 -IC:\Keil_v5\ARM\CMSIS\Include --predefine="__EVAL SETA 1" --predefin
e="__UVISION_VERSION SETA 528" --predefine="TM4C123GH6PM SETA 1" --list=.\listi
ngs\practica2.lst PRACTICA2.s



ARM Macro Assembler    Page 1 Alphabetic symbol ordering
Relocatable symbols

.text 00000000

Symbol: .text
   Definitions
      At line 19 in file PRACTICA2.s
   Uses
      None
Comment: .text unused
CONDICION 00000096

Symbol: CONDICION
   Definitions
      At line 100 in file PRACTICA2.s
   Uses
      At line 28 in file PRACTICA2.s
      At line 131 in file PRACTICA2.s

ConfigPuertoA 00000012

Symbol: ConfigPuertoA
   Definitions
      At line 30 in file PRACTICA2.s
   Uses
      At line 24 in file PRACTICA2.s
Comment: ConfigPuertoA used once
ConfigPuertoF 00000054

Symbol: ConfigPuertoF
   Definitions
      At line 65 in file PRACTICA2.s
   Uses
      At line 25 in file PRACTICA2.s
Comment: ConfigPuertoF used once
Delay 000000B8

Symbol: Delay
   Definitions
      At line 122 in file PRACTICA2.s
   Uses
      At line 120 in file PRACTICA2.s
      At line 126 in file PRACTICA2.s

LED_OFF 000000C2

Symbol: LED_OFF
   Definitions
      At line 128 in file PRACTICA2.s
   Uses
      At line 125 in file PRACTICA2.s
Comment: LED_OFF used once
LED_ON 000000AE

Symbol: LED_ON
   Definitions
      At line 116 in file PRACTICA2.s
   Uses
      At line 108 in file PRACTICA2.s
      At line 114 in file PRACTICA2.s




ARM Macro Assembler    Page 2 Alphabetic symbol ordering
Relocatable symbols

Start 00000000

Symbol: Start
   Definitions
      At line 23 in file PRACTICA2.s
   Uses
      At line 21 in file PRACTICA2.s
Comment: Start used once
8 symbols



ARM Macro Assembler    Page 1 Alphabetic symbol ordering
Absolute symbols

DELAY 03AA6A60

Symbol: DELAY
   Definitions
      At line 17 in file PRACTICA2.s
   Uses
      At line 119 in file PRACTICA2.s
Comment: DELAY used once
GPIO_PORTA_AFSEL_R 40004420

Symbol: GPIO_PORTA_AFSEL_R
   Definitions
      At line 6 in file PRACTICA2.s
   Uses
      At line 53 in file PRACTICA2.s
Comment: GPIO_PORTA_AFSEL_R used once
GPIO_PORTA_AMSEL_R 40004528

Symbol: GPIO_PORTA_AMSEL_R
   Definitions
      At line 3 in file PRACTICA2.s
   Uses
      At line 38 in file PRACTICA2.s
Comment: GPIO_PORTA_AMSEL_R used once
GPIO_PORTA_DEN_R 4000451C

Symbol: GPIO_PORTA_DEN_R
   Definitions
      At line 7 in file PRACTICA2.s
   Uses
      At line 58 in file PRACTICA2.s
Comment: GPIO_PORTA_DEN_R used once
GPIO_PORTA_DIR_R 40004400

Symbol: GPIO_PORTA_DIR_R
   Definitions
      At line 5 in file PRACTICA2.s
   Uses
      At line 48 in file PRACTICA2.s
Comment: GPIO_PORTA_DIR_R used once
GPIO_PORTA_PCTL_R 4000452C

Symbol: GPIO_PORTA_PCTL_R
   Definitions
      At line 4 in file PRACTICA2.s
   Uses
      At line 43 in file PRACTICA2.s
Comment: GPIO_PORTA_PCTL_R used once
GPIO_PORTF_AFSEL_R 40025420

Symbol: GPIO_PORTF_AFSEL_R
   Definitions
      At line 12 in file PRACTICA2.s
   Uses
      At line 88 in file PRACTICA2.s
Comment: GPIO_PORTF_AFSEL_R used once
GPIO_PORTF_AMSEL_R 40025528

Symbol: GPIO_PORTF_AMSEL_R



ARM Macro Assembler    Page 2 Alphabetic symbol ordering
Absolute symbols

   Definitions
      At line 9 in file PRACTICA2.s
   Uses
      At line 73 in file PRACTICA2.s
Comment: GPIO_PORTF_AMSEL_R used once
GPIO_PORTF_DEN_R 4002551C

Symbol: GPIO_PORTF_DEN_R
   Definitions
      At line 13 in file PRACTICA2.s
   Uses
      At line 93 in file PRACTICA2.s
Comment: GPIO_PORTF_DEN_R used once
GPIO_PORTF_DIR_R 40025400

Symbol: GPIO_PORTF_DIR_R
   Definitions
      At line 11 in file PRACTICA2.s
   Uses
      At line 83 in file PRACTICA2.s
Comment: GPIO_PORTF_DIR_R used once
GPIO_PORTF_PCTL_R 4002552C

Symbol: GPIO_PORTF_PCTL_R
   Definitions
      At line 10 in file PRACTICA2.s
   Uses
      At line 78 in file PRACTICA2.s
Comment: GPIO_PORTF_PCTL_R used once
PA3 40004020

Symbol: PA3
   Definitions
      At line 15 in file PRACTICA2.s
   Uses
      At line 107 in file PRACTICA2.s
Comment: PA3 used once
PF3 40025020

Symbol: PF3
   Definitions
      At line 16 in file PRACTICA2.s
   Uses
      At line 113 in file PRACTICA2.s
Comment: PF3 used once
SYSCTL_RCGCGPIO_R 400FE608

Symbol: SYSCTL_RCGCGPIO_R
   Definitions
      At line 1 in file PRACTICA2.s
   Uses
      At line 31 in file PRACTICA2.s
      At line 66 in file PRACTICA2.s

14 symbols
358 symbols in table
