


ARM Macro Assembler    Page 1 


    1 00000000 40005400 
                       GPIO_PORTB_DIR_R
                               EQU              0x40005400
    2 00000000 40005420 
                       GPIO_PORTB_AFSEL_R
                               EQU              0x40005420
    3 00000000 40005510 
                       GPIO_PORTB_PUR_R
                               EQU              0x40005510
    4 00000000 4000551C 
                       GPIO_PORTB_DEN_R
                               EQU              0x4000551C
    5 00000000 40005520 
                       GPIO_PORTB_LOCK_R
                               EQU              0x40005520
    6 00000000 40005524 
                       GPIO_PORTB_CR_R
                               EQU              0x40005524
    7 00000000 40005528 
                       GPIO_PORTB_AMSEL_R
                               EQU              0x40005528
    8 00000000 4000552C 
                       GPIO_PORTB_PCTL_R
                               EQU              0x4000552C
    9 00000000         
   10 00000000         
   11 00000000 40025400 
                       GPIO_PORTF_DIR_R
                               EQU              0x40025400
   12 00000000 40025420 
                       GPIO_PORTF_AFSEL_R
                               EQU              0x40025420
   13 00000000 4002551C 
                       GPIO_PORTF_DEN_R
                               EQU              0x4002551C
   14 00000000 40025528 
                       GPIO_PORTF_AMSEL_R
                               EQU              0x40025528
   15 00000000 4002552C 
                       GPIO_PORTF_PCTL_R
                               EQU              0x4002552C
   16 00000000         
   17 00000000 400FE608 
                       SYSCTL_RCGCGPIO_R
                               EQU              0x400FE608
   18 00000000 00000020 
                       SYSCTL_RCGC2_GPIOF
                               EQU              0x00000020
   19 00000000         
   20 00000000 40025008 
                       PF1     EQU              0x40025008
   21 00000000 40025010 
                       PF2     EQU              0x40025010
   22 00000000 40025020 
                       PF3     EQU              0x40025020
   23 00000000         
   24 00000000 40025038 
                       LEDS    EQU              0x40025038
   25 00000000         



ARM Macro Assembler    Page 2 


   26 00000000         
   27 00000000 40005080 
                       PB5     EQU              0x40005080
   28 00000000         
   29 00000000                 AREA             |.text|, CODE, READONLY, ALIGN=
2
   30 00000000                 THUMB
   31 00000000                 EXPORT           Start
   32 00000000         Start
   33 00000000         
   34 00000000         
   35 00000000         Switch_Init
   36 00000000 492B            LDR              R1, =SYSCTL_RCGCGPIO_R
   37 00000002 6808            LDR              R0, [R1]
   38 00000004 F040 0002       ORR              R0, R0, #0x02
   39 00000008 6008            STR              R0, [R1]
   40 0000000A BF00            NOP
   41 0000000C BF00            NOP
   42 0000000E 4929            LDR              R1, =GPIO_PORTB_AMSEL_R
   43 00000010 6808            LDR              R0, [R1]
   44 00000012 F020 0020       BIC              R0, #0x20
   45 00000016 6008            STR              R0, [R1]
   46 00000018 4927            LDR              R1, =GPIO_PORTB_PCTL_R
   47 0000001A 6808            LDR              R0, [R1]
   48 0000001C F420 0070       BIC              R0, #0x00F00000
   49 00000020 6008            STR              R0, [R1]
   50 00000022 4926            LDR              R1, =GPIO_PORTB_DIR_R
   51 00000024 6808            LDR              R0, [R1]
   52 00000026 F020 0020       BIC              R0, #0x20
   53 0000002A 6008            STR              R0, [R1]
   54 0000002C 4924            LDR              R1, =GPIO_PORTB_AFSEL_R
   55 0000002E 6808            LDR              R0, [R1]
   56 00000030 F020 0020       BIC              R0, #0x20
   57 00000034 6008            STR              R0, [R1]
   58 00000036 4923            LDR              R1, =GPIO_PORTB_DEN_R
   59 00000038 6808            LDR              R0, [R1]
   60 0000003A F040 0020       ORR              R0, #0x20
   61 0000003E 6008            STR              R0, [R1]
   62 00000040         
   63 00000040 491B            LDR              R1, =SYSCTL_RCGCGPIO_R
   64 00000042 6808            LDR              R0, [R1]
   65 00000044 F040 0020       ORR              R0, R0, #0x20
   66 00000048 6008            STR              R0, [R1]
   67 0000004A BF00            NOP
   68 0000004C BF00            NOP
   69 0000004E         
   70 0000004E 491E            LDR              R1, =GPIO_PORTF_DIR_R
   71 00000050 6808            LDR              R0, [R1]
   72 00000052 F040 000E       ORR              R0, R0, #(0x02+0x04+0x08)
   73 00000056 6008            STR              R0, [R1]
   74 00000058         ; regular port function
   75 00000058 491C            LDR              R1, =GPIO_PORTF_AFSEL_R
   76 0000005A 6808            LDR              R0, [R1]
   77 0000005C F020 000E       BIC              R0, R0, #(0x02+0x04+0x08)
   78 00000060 6008            STR              R0, [R1]
   79 00000062         ; enable digital port
   80 00000062 491B            LDR              R1, =GPIO_PORTF_DEN_R
   81 00000064 6808            LDR              R0, [R1]
   82 00000066 F040 000E       ORR              R0, R0, #(0x02+0x04+0x08)



ARM Macro Assembler    Page 3 


   83 0000006A 6008            STR              R0, [R1]
   84 0000006C         ; configure as GPIO
   85 0000006C 4919            LDR              R1, =GPIO_PORTF_PCTL_R
   86 0000006E 6808            LDR              R0, [R1]
   87 00000070         ; BIC R0, R0, #0x0000FF00         
   88 00000070 F420 4070       BIC              R0, R0, #0x0000F000
   89 00000074 6008            STR              R0, [R1]
   90 00000076         ; disable analog functionality
   91 00000076 4918            LDR              R1, =GPIO_PORTF_AMSEL_R
   92 00000078 F04F 0000       MOV              R0, #0
   93 0000007C 6008            STR              R0, [R1]
   94 0000007E 4C17            LDR              R4, =LEDS
   95 00000080 F04F 0502       MOV              R5, #0x02
   96 00000084 F04F 0604       MOV              R6, #0x04
   97 00000088 F04F 0708       MOV              R7, #0x08
   98 0000008C F04F 0800       MOV              R8, #0
   99 00000090 F04F 090E       MOV              R9, #(0x02+0x08+0x04)
  100 00000094         
  101 00000094         
  102 00000094         Lectura
  103 00000094 4912            LDR              R1, =PB5
  104 00000096 6808            LDR              R0, [R1]
  105 00000098         
  106 00000098         
  107 00000098         
  108 00000098         loop
  109 00000098         ; BL  Switch_Input
  110 00000098 2820            CMP              R0, #0x20
  111 0000009A D004            BEQ              Activo
  112 0000009C         
  113 0000009C 2800            CMP              R0, #0x00
  114 0000009E D004            BEQ              Apagado
  115 000000A0         
  116 000000A0         
  117 000000A0 F8C4 9000       STR              R9, [R4]
  118 000000A4 E7F6            B                Lectura
  119 000000A6         Activo
  120 000000A6 6026            STR              R6, [R4]
  121 000000A8 E7F4            B                Lectura
  122 000000AA         
  123 000000AA         Apagado
  124 000000AA F8C4 8000       STR              R8, [R4]
  125 000000AE E7F1            B                Lectura
  126 000000B0         
  127 000000B0         
  128 000000B0                 ALIGN
  129 000000B0                 END
              400FE608 
              40005528 
              4000552C 
              40005400 
              40005420 
              4000551C 
              40025400 
              40025420 
              4002551C 
              4002552C 
              40025528 
              40025038 



ARM Macro Assembler    Page 4 


              40005080 
Command Line: --debug --xref --diag_suppress=9931 --cpu=Cortex-M4.fp --apcs=int
erwork --depend=.\objects\class3_2.d -o.\objects\class3_2.o -I.\RTE\_Target_1 -
IC:\Users\Edesalher\AppData\Local\Arm\Packs\Keil\TM4C_DFP\1.1.0\Device\Include\
TM4C123 -IC:\Keil_v5\ARM\CMSIS\Include --predefine="__EVAL SETA 1" --predefine=
"__UVISION_VERSION SETA 528" --predefine="TM4C123GH6PM SETA 1" --list=.\listing
s\class3_2.lst CLASS3_2.s



ARM Macro Assembler    Page 1 Alphabetic symbol ordering
Relocatable symbols

.text 00000000

Symbol: .text
   Definitions
      At line 29 in file CLASS3_2.s
   Uses
      None
Comment: .text unused
Activo 000000A6

Symbol: Activo
   Definitions
      At line 119 in file CLASS3_2.s
   Uses
      At line 111 in file CLASS3_2.s
Comment: Activo used once
Apagado 000000AA

Symbol: Apagado
   Definitions
      At line 123 in file CLASS3_2.s
   Uses
      At line 114 in file CLASS3_2.s
Comment: Apagado used once
Lectura 00000094

Symbol: Lectura
   Definitions
      At line 102 in file CLASS3_2.s
   Uses
      At line 118 in file CLASS3_2.s
      At line 121 in file CLASS3_2.s
      At line 125 in file CLASS3_2.s

Start 00000000

Symbol: Start
   Definitions
      At line 32 in file CLASS3_2.s
   Uses
      At line 31 in file CLASS3_2.s
Comment: Start used once
Switch_Init 00000000

Symbol: Switch_Init
   Definitions
      At line 35 in file CLASS3_2.s
   Uses
      None
Comment: Switch_Init unused
loop 00000098

Symbol: loop
   Definitions
      At line 108 in file CLASS3_2.s
   Uses
      None
Comment: loop unused
7 symbols



ARM Macro Assembler    Page 1 Alphabetic symbol ordering
Absolute symbols

GPIO_PORTB_AFSEL_R 40005420

Symbol: GPIO_PORTB_AFSEL_R
   Definitions
      At line 2 in file CLASS3_2.s
   Uses
      At line 54 in file CLASS3_2.s
Comment: GPIO_PORTB_AFSEL_R used once
GPIO_PORTB_AMSEL_R 40005528

Symbol: GPIO_PORTB_AMSEL_R
   Definitions
      At line 7 in file CLASS3_2.s
   Uses
      At line 42 in file CLASS3_2.s
Comment: GPIO_PORTB_AMSEL_R used once
GPIO_PORTB_CR_R 40005524

Symbol: GPIO_PORTB_CR_R
   Definitions
      At line 6 in file CLASS3_2.s
   Uses
      None
Comment: GPIO_PORTB_CR_R unused
GPIO_PORTB_DEN_R 4000551C

Symbol: GPIO_PORTB_DEN_R
   Definitions
      At line 4 in file CLASS3_2.s
   Uses
      At line 58 in file CLASS3_2.s
Comment: GPIO_PORTB_DEN_R used once
GPIO_PORTB_DIR_R 40005400

Symbol: GPIO_PORTB_DIR_R
   Definitions
      At line 1 in file CLASS3_2.s
   Uses
      At line 50 in file CLASS3_2.s
Comment: GPIO_PORTB_DIR_R used once
GPIO_PORTB_LOCK_R 40005520

Symbol: GPIO_PORTB_LOCK_R
   Definitions
      At line 5 in file CLASS3_2.s
   Uses
      None
Comment: GPIO_PORTB_LOCK_R unused
GPIO_PORTB_PCTL_R 4000552C

Symbol: GPIO_PORTB_PCTL_R
   Definitions
      At line 8 in file CLASS3_2.s
   Uses
      At line 46 in file CLASS3_2.s
Comment: GPIO_PORTB_PCTL_R used once
GPIO_PORTB_PUR_R 40005510

Symbol: GPIO_PORTB_PUR_R



ARM Macro Assembler    Page 2 Alphabetic symbol ordering
Absolute symbols

   Definitions
      At line 3 in file CLASS3_2.s
   Uses
      None
Comment: GPIO_PORTB_PUR_R unused
GPIO_PORTF_AFSEL_R 40025420

Symbol: GPIO_PORTF_AFSEL_R
   Definitions
      At line 12 in file CLASS3_2.s
   Uses
      At line 75 in file CLASS3_2.s
Comment: GPIO_PORTF_AFSEL_R used once
GPIO_PORTF_AMSEL_R 40025528

Symbol: GPIO_PORTF_AMSEL_R
   Definitions
      At line 14 in file CLASS3_2.s
   Uses
      At line 91 in file CLASS3_2.s
Comment: GPIO_PORTF_AMSEL_R used once
GPIO_PORTF_DEN_R 4002551C

Symbol: GPIO_PORTF_DEN_R
   Definitions
      At line 13 in file CLASS3_2.s
   Uses
      At line 80 in file CLASS3_2.s
Comment: GPIO_PORTF_DEN_R used once
GPIO_PORTF_DIR_R 40025400

Symbol: GPIO_PORTF_DIR_R
   Definitions
      At line 11 in file CLASS3_2.s
   Uses
      At line 70 in file CLASS3_2.s
Comment: GPIO_PORTF_DIR_R used once
GPIO_PORTF_PCTL_R 4002552C

Symbol: GPIO_PORTF_PCTL_R
   Definitions
      At line 15 in file CLASS3_2.s
   Uses
      At line 85 in file CLASS3_2.s
Comment: GPIO_PORTF_PCTL_R used once
LEDS 40025038

Symbol: LEDS
   Definitions
      At line 24 in file CLASS3_2.s
   Uses
      At line 94 in file CLASS3_2.s
Comment: LEDS used once
PB5 40005080

Symbol: PB5
   Definitions
      At line 27 in file CLASS3_2.s
   Uses



ARM Macro Assembler    Page 3 Alphabetic symbol ordering
Absolute symbols

      At line 103 in file CLASS3_2.s
Comment: PB5 used once
PF1 40025008

Symbol: PF1
   Definitions
      At line 20 in file CLASS3_2.s
   Uses
      None
Comment: PF1 unused
PF2 40025010

Symbol: PF2
   Definitions
      At line 21 in file CLASS3_2.s
   Uses
      None
Comment: PF2 unused
PF3 40025020

Symbol: PF3
   Definitions
      At line 22 in file CLASS3_2.s
   Uses
      None
Comment: PF3 unused
SYSCTL_RCGC2_GPIOF 00000020

Symbol: SYSCTL_RCGC2_GPIOF
   Definitions
      At line 18 in file CLASS3_2.s
   Uses
      None
Comment: SYSCTL_RCGC2_GPIOF unused
SYSCTL_RCGCGPIO_R 400FE608

Symbol: SYSCTL_RCGCGPIO_R
   Definitions
      At line 17 in file CLASS3_2.s
   Uses
      At line 36 in file CLASS3_2.s
      At line 63 in file CLASS3_2.s

20 symbols
363 symbols in table
