


ARM Macro Assembler    Page 1 


    1 00000000 400FE608 
                       SYSCTL_RCGCGPIO_R
                               EQU              0x400FE608  ;Se habilita el rel
                                                            oj para la TIVA C
    2 00000000         
    3 00000000 40005528 
                       GPIO_PORTB_AMSEL_R
                               EQU              0x40005528  ;Direcciones base p
                                                            ara el puerto A.
    4 00000000 4000552C 
                       GPIO_PORTB_PCTL_R
                               EQU              0x4000552C
    5 00000000 40005400 
                       GPIO_PORTB_DIR_R
                               EQU              0x40005400
    6 00000000 40005420 
                       GPIO_PORTB_AFSEL_R
                               EQU              0x40005420
    7 00000000 4000551C 
                       GPIO_PORTB_DEN_R
                               EQU              0x4000551C
    8 00000000         
    9 00000000 40005004 
                       PB0     EQU              0x40005004
   10 00000000 40005008 
                       PB1     EQU              0x40005008
   11 00000000 40005010 
                       PB2     EQU              0x40005010
   12 00000000 4000501C 
                       BITS    EQU              0x4000501C
   13 00000000 00124F80 
                       DELAY   EQU              1200000     ;Delay aprox. de 1 
                                                            seg.
   14 00000000         
   15 00000000         
   16 00000000                 AREA             |.text|, CODE, READONLY, ALIGN=
2
   17 00000000                 THUMB
   18 00000000                 EXPORT           Start
   19 00000000         
   20 00000000         
   21 00000000         Start
   22 00000000 F000 F801       BL               ConfigPuertoB
   23 00000004 E020            B                Inicio
   24 00000006         
   25 00000006         ConfigPuertoB
   26 00000006 491D            LDR              R1, =SYSCTL_RCGCGPIO_R ;Se acti
                                                            va reloj para puert
                                                            o B. 
   27 00000008 6808            LDR              R0, [R1]
   28 0000000A F040 0002       ORR              R0, R0, #0x02
   29 0000000E 6008            STR              R0, [R1]
   30 00000010 BF00            NOP
   31 00000012 BF00            NOP
   32 00000014         
   33 00000014 491A            LDR              R1, =GPIO_PORTB_AMSEL_R ;Se eli
                                                            minan las funciones
                                                             analógicas del pue
                                                            rto A.



ARM Macro Assembler    Page 2 


   34 00000016 6808            LDR              R0, [R1]
   35 00000018 F020 0007       BIC              R0, R0, #(0x01+0x02+0x04)
   36 0000001C 6008            STR              R0, [R1]
   37 0000001E         
   38 0000001E 4919            LDR              R1, =GPIO_PORTB_PCTL_R ;Se habi
                                                            lita el puerto A co
                                                            mo GPIO.
   39 00000020 6808            LDR              R0, [R1]
   40 00000022 F020 6070       BIC              R0, R0, #0x0F000000 ; 
   41 00000026 6008            STR              R0, [R1]
   42 00000028         
   43 00000028 4917            LDR              R1, =GPIO_PORTB_DIR_R ;Se estab
                                                            lece como entrada o
                                                             salida el puerto A
                                                            .
   44 0000002A 6808            LDR              R0, [R1]
   45 0000002C F040 0007       ORR              R0, R0, #(0x01+0x02+0x04)
   46 00000030 6008            STR              R0, [R1]
   47 00000032         
   48 00000032 4916            LDR              R1, =GPIO_PORTB_AFSEL_R ;Se des
                                                            habilita otras func
                                                            iones de puerto A.
   49 00000034 6808            LDR              R0, [R1]
   50 00000036 F020 0007       BIC              R0, R0, #(0x01+0x02+0x04)
   51 0000003A 6008            STR              R0, [R1]
   52 0000003C         
   53 0000003C 4914            LDR              R1, =GPIO_PORTB_DEN_R ;Se habil
                                                            ita la función digi
                                                            tal del puerto A.  
                                                                 
   54 0000003E 6808            LDR              R0, [R1]
   55 00000040 F040 0007       ORR              R0, #(0x01+0x02+0x04)
   56 00000044 6008            STR              R0, [R1]
   57 00000046         
   58 00000046 4770            BX               LR
   59 00000048         
   60 00000048         Inicio
   61 00000048 F04F 0207       MOV              R2, #0x07
   62 0000004C E002            B                LEDS
   63 0000004E         
   64 0000004E         Inicio2
   65 0000004E F04F 0200       MOV              R2, #0x00
   66 00000052 E7FF            B                LEDS
   67 00000054         
   68 00000054         LEDS
   69 00000054 490F            LDR              R1, =BITS
   70 00000056 4610            MOV              R0, R2
   71 00000058 6008            STR              R0, [R1]
   72 0000005A 490F            LDR              R1, =DELAY
   73 0000005C E7FF            B                Delay
   74 0000005E         
   75 0000005E         Delay
   76 0000005E F1A1 0101       SUB              R1, #1
   77 00000062 2900            CMP              R1, #0
   78 00000064 BF08 2001       MOVEQ            R0, #0x01
   79 00000068 D001            BEQ              Contador
   80 0000006A D0F3            BEQ              LEDS
   81 0000006C E7F7            B                Delay
   82 0000006E         



ARM Macro Assembler    Page 3 


   83 0000006E         Contador
   84 0000006E EBA2 0200       SUB              R2, R2, R0  ;R1 = R1 + R0 = R1 
                                                            + 1
   85 00000072 F04F 0300       MOV              R3, #0x00
   86 00000076 429A            CMP              R2, R3
   87 00000078 D0E9            BEQ              Inicio2
   88 0000007A E7EB            B                LEDS
   89 0000007C         
   90 0000007C                 ALIGN
   91 0000007C                 END
              400FE608 
              40005528 
              4000552C 
              40005400 
              40005420 
              4000551C 
              4000501C 
              00124F80 
Command Line: --debug --xref --diag_suppress=9931 --cpu=Cortex-M4.fp --apcs=int
erwork --depend=.\objects\exa2.d -o.\objects\exa2.o -I.\RTE\_Target_1 -IC:\User
s\Edesalher\AppData\Local\Arm\Packs\Keil\TM4C_DFP\1.1.0\Device\Include\TM4C123 
-IC:\Keil_v5\ARM\CMSIS\Include --predefine="__EVAL SETA 1" --predefine="__UVISI
ON_VERSION SETA 528" --predefine="TM4C123GH6PM SETA 1" --list=.\listings\exa2.l
st EXA2.s



ARM Macro Assembler    Page 1 Alphabetic symbol ordering
Relocatable symbols

.text 00000000

Symbol: .text
   Definitions
      At line 16 in file EXA2.s
   Uses
      None
Comment: .text unused
ConfigPuertoB 00000006

Symbol: ConfigPuertoB
   Definitions
      At line 25 in file EXA2.s
   Uses
      At line 22 in file EXA2.s
Comment: ConfigPuertoB used once
Contador 0000006E

Symbol: Contador
   Definitions
      At line 83 in file EXA2.s
   Uses
      At line 79 in file EXA2.s
Comment: Contador used once
Delay 0000005E

Symbol: Delay
   Definitions
      At line 75 in file EXA2.s
   Uses
      At line 73 in file EXA2.s
      At line 81 in file EXA2.s

Inicio 00000048

Symbol: Inicio
   Definitions
      At line 60 in file EXA2.s
   Uses
      At line 23 in file EXA2.s
Comment: Inicio used once
Inicio2 0000004E

Symbol: Inicio2
   Definitions
      At line 64 in file EXA2.s
   Uses
      At line 87 in file EXA2.s
Comment: Inicio2 used once
LEDS 00000054

Symbol: LEDS
   Definitions
      At line 68 in file EXA2.s
   Uses
      At line 62 in file EXA2.s
      At line 66 in file EXA2.s
      At line 80 in file EXA2.s
      At line 88 in file EXA2.s



ARM Macro Assembler    Page 2 Alphabetic symbol ordering
Relocatable symbols


Start 00000000

Symbol: Start
   Definitions
      At line 21 in file EXA2.s
   Uses
      At line 18 in file EXA2.s
Comment: Start used once
8 symbols



ARM Macro Assembler    Page 1 Alphabetic symbol ordering
Absolute symbols

BITS 4000501C

Symbol: BITS
   Definitions
      At line 12 in file EXA2.s
   Uses
      At line 69 in file EXA2.s
Comment: BITS used once
DELAY 00124F80

Symbol: DELAY
   Definitions
      At line 13 in file EXA2.s
   Uses
      At line 72 in file EXA2.s
Comment: DELAY used once
GPIO_PORTB_AFSEL_R 40005420

Symbol: GPIO_PORTB_AFSEL_R
   Definitions
      At line 6 in file EXA2.s
   Uses
      At line 48 in file EXA2.s
Comment: GPIO_PORTB_AFSEL_R used once
GPIO_PORTB_AMSEL_R 40005528

Symbol: GPIO_PORTB_AMSEL_R
   Definitions
      At line 3 in file EXA2.s
   Uses
      At line 33 in file EXA2.s
Comment: GPIO_PORTB_AMSEL_R used once
GPIO_PORTB_DEN_R 4000551C

Symbol: GPIO_PORTB_DEN_R
   Definitions
      At line 7 in file EXA2.s
   Uses
      At line 53 in file EXA2.s
Comment: GPIO_PORTB_DEN_R used once
GPIO_PORTB_DIR_R 40005400

Symbol: GPIO_PORTB_DIR_R
   Definitions
      At line 5 in file EXA2.s
   Uses
      At line 43 in file EXA2.s
Comment: GPIO_PORTB_DIR_R used once
GPIO_PORTB_PCTL_R 4000552C

Symbol: GPIO_PORTB_PCTL_R
   Definitions
      At line 4 in file EXA2.s
   Uses
      At line 38 in file EXA2.s
Comment: GPIO_PORTB_PCTL_R used once
PB0 40005004

Symbol: PB0



ARM Macro Assembler    Page 2 Alphabetic symbol ordering
Absolute symbols

   Definitions
      At line 9 in file EXA2.s
   Uses
      None
Comment: PB0 unused
PB1 40005008

Symbol: PB1
   Definitions
      At line 10 in file EXA2.s
   Uses
      None
Comment: PB1 unused
PB2 40005010

Symbol: PB2
   Definitions
      At line 11 in file EXA2.s
   Uses
      None
Comment: PB2 unused
SYSCTL_RCGCGPIO_R 400FE608

Symbol: SYSCTL_RCGCGPIO_R
   Definitions
      At line 1 in file EXA2.s
   Uses
      At line 26 in file EXA2.s
Comment: SYSCTL_RCGCGPIO_R used once
11 symbols
355 symbols in table
