


ARM Macro Assembler    Page 1 


    1 00000000 400FE608 
                       SYSCTL_RCGCGPIO_R
                               EQU              0x400FE608  ;Se habilita el rel
                                                            oj para la TIVA C
    2 00000000         
    3 00000000 40005528 
                       GPIO_PORTB_AMSEL_R
                               EQU              0x40005528  ;Direcciones base p
                                                            ara el puerto B.
    4 00000000 4000552C 
                       GPIO_PORTB_PCTL_R
                               EQU              0x4000552C
    5 00000000 40005400 
                       GPIO_PORTB_DIR_R
                               EQU              0x40005400
    6 00000000 40005420 
                       GPIO_PORTB_AFSEL_R
                               EQU              0x40005420
    7 00000000 4000551C 
                       GPIO_PORTB_DEN_R
                               EQU              0x4000551C
    8 00000000 40005510 
                       GPIO_PORTB_PUR_R
                               EQU              0x40005510
    9 00000000 40005520 
                       GPIO_PORTB_LOCK_R
                               EQU              0x40005520
   10 00000000 40005524 
                       GPIO_PORTB_CR_R
                               EQU              0x40005524
   11 00000000         
   12 00000000 40025528 
                       GPIO_PORTF_AMSEL_R
                               EQU              0x40025528  ;Direcciones base p
                                                            ara el puerto F.
   13 00000000 4002552C 
                       GPIO_PORTF_PCTL_R
                               EQU              0x4002552C
   14 00000000 40025400 
                       GPIO_PORTF_DIR_R
                               EQU              0x40025400
   15 00000000 40025420 
                       GPIO_PORTF_AFSEL_R
                               EQU              0x40025420
   16 00000000 4002551C 
                       GPIO_PORTF_DEN_R
                               EQU              0x4002551C
   17 00000000         
   18 00000000         ;SYSCTL_RCGC2_GPIOF EQU 0x00000020 
   19 00000000         
   20 00000000 40025008 
                       PF1     EQU              0x40025008
   21 00000000 40025010 
                       PF2     EQU              0x40025010
   22 00000000 40025020 
                       PF3     EQU              0x40025020
   23 00000000 40025038 
                       LEDS    EQU              0x40025038
   24 00000000         



ARM Macro Assembler    Page 2 


   25 00000000 40005004 
                       PB0     EQU              0x40005004
   26 00000000 40005008 
                       PB1     EQU              0x40005008
   27 00000000 4000500C 
                       BUTTONS EQU              0x4000500C
   28 00000000         
   29 00000000 0016E360 
                       DELAY   EQU              1500000
   30 00000000         
   31 00000000                 AREA             |.text|, CODE, READONLY, ALIGN=
2
   32 00000000                 THUMB
   33 00000000                 EXPORT           Start
   34 00000000         Start
   35 00000000         
   36 00000000         
   37 00000000         Configurations
   38 00000000         ;Configuración PUERTO B
   39 00000000 4935            LDR              R1, =SYSCTL_RCGCGPIO_R
   40 00000002 6808            LDR              R0, [R1]
   41 00000004 F040 0002       ORR              R0, R0, #0x02
   42 00000008 6008            STR              R0, [R1]
   43 0000000A BF00            NOP
   44 0000000C BF00            NOP
   45 0000000E 4933            LDR              R1, =GPIO_PORTB_AMSEL_R
   46 00000010 6808            LDR              R0, [R1]
   47 00000012 F020 0003       BIC              R0, #(0x02+0x01)
   48 00000016 6008            STR              R0, [R1]
   49 00000018 4931            LDR              R1, =GPIO_PORTB_PCTL_R
   50 0000001A 6808            LDR              R0, [R1]
   51 0000001C F020 6070       BIC              R0, #0x0F000000
   52 00000020 6008            STR              R0, [R1]
   53 00000022 4930            LDR              R1, =GPIO_PORTB_DIR_R
   54 00000024 6808            LDR              R0, [R1]
   55 00000026 F020 0003       BIC              R0, #(0x02+0x01)
   56 0000002A 6008            STR              R0, [R1]
   57 0000002C 492E            LDR              R1, =GPIO_PORTB_AFSEL_R
   58 0000002E 6808            LDR              R0, [R1]
   59 00000030 F020 0003       BIC              R0, #(0x02+0x01)
   60 00000034 6008            STR              R0, [R1]
   61 00000036 492D            LDR              R1, =GPIO_PORTB_DEN_R
   62 00000038 6808            LDR              R0, [R1]
   63 0000003A F040 0003       ORR              R0, #(0x02+0x01)
   64 0000003E 6008            STR              R0, [R1]
   65 00000040         
   66 00000040         ;Configuración PUERTO F  
   67 00000040 4925            LDR              R1, =SYSCTL_RCGCGPIO_R
   68 00000042 6808            LDR              R0, [R1]
   69 00000044 F040 0020       ORR              R0, R0, #0x20
   70 00000048 6008            STR              R0, [R1]
   71 0000004A BF00            NOP
   72 0000004C BF00            NOP
   73 0000004E         ; configure as GPIO
   74 0000004E 4928            LDR              R1, =GPIO_PORTF_PCTL_R
   75 00000050 6808            LDR              R0, [R1]
   76 00000052 F020 6070       BIC              R0, R0, #0x0F000000
   77 00000056 6008            STR              R0, [R1]
   78 00000058         ;Se especifÍca direcciones



ARM Macro Assembler    Page 3 


   79 00000058 4926            LDR              R1, =GPIO_PORTF_DIR_R
   80 0000005A 6808            LDR              R0, [R1]
   81 0000005C F040 000E       ORR              R0, R0, #(0x02+0x04+0x08)
   82 00000060 6008            STR              R0, [R1]
   83 00000062         ; regular port function
   84 00000062 4925            LDR              R1, =GPIO_PORTF_AFSEL_R
   85 00000064 6808            LDR              R0, [R1]
   86 00000066 F020 000E       BIC              R0, R0, #(0x02+0x04+0x08)
   87 0000006A 6008            STR              R0, [R1]
   88 0000006C         ; enable digital port
   89 0000006C 4923            LDR              R1, =GPIO_PORTF_DEN_R
   90 0000006E 6808            LDR              R0, [R1]
   91 00000070 F040 000E       ORR              R0, R0, #(0x02+0x04+0x08)
   92 00000074 6008            STR              R0, [R1]
   93 00000076         ; disable analog functionality
   94 00000076 4922            LDR              R1, =GPIO_PORTF_AMSEL_R
   95 00000078 F04F 0000       MOV              R0, #0
   96 0000007C 6008            STR              R0, [R1]
   97 0000007E 4C21            LDR              R4, =LEDS
   98 00000080 F04F 0502       MOV              R5, #0x02
   99 00000084 F04F 0604       MOV              R6, #0x04
  100 00000088 F04F 0708       MOV              R7, #0x08
  101 0000008C F04F 0800       MOV              R8, #0
  102 00000090 F04F 090E       MOV              R9, #(0x02+0x08+0x04)
  103 00000094         
  104 00000094         
  105 00000094         Lectura
  106 00000094 491C            LDR              R1, =BUTTONS
  107 00000096 6808            LDR              R0, [R1]
  108 00000098         
  109 00000098         loop
  110 00000098 2802            CMP              R0, #0x02
  111 0000009A D006            BEQ              Activo
  112 0000009C         
  113 0000009C 2801            CMP              R0, #0x01
  114 0000009E D015            BEQ              Activo2
  115 000000A0         
  116 000000A0 2800            CMP              R0, #0x00
  117 000000A2 D015            BEQ              Apagado
  118 000000A4         
  119 000000A4         
  120 000000A4 F8C4 9000       STR              R9, [R4]
  121 000000A8 E7F4            B                Lectura
  122 000000AA         
  123 000000AA         Activo
  124 000000AA 6026            STR              R6, [R4]
  125 000000AC 4A17            LDR              R2, =DELAY
  126 000000AE E7FF            B                Delay
  127 000000B0         
  128 000000B0         Delay
  129 000000B0 F1A2 0201       SUB              R2, #1
  130 000000B4 2A00            CMP              R2, #0
  131 000000B6 D005            BEQ              Apagado2
  132 000000B8 E7FA            B                Delay
  133 000000BA         
  134 000000BA         Delay2
  135 000000BA F1A2 0201       SUB              R2, #1
  136 000000BE 2A00            CMP              R2, #0
  137 000000C0 D0F3            BEQ              Activo



ARM Macro Assembler    Page 4 


  138 000000C2 E7FA            B                Delay2
  139 000000C4         
  140 000000C4         Apagado2
  141 000000C4 F8C4 8000       STR              R8, [R4]
  142 000000C8 4A10            LDR              R2, =DELAY
  143 000000CA E7F6            B                Delay2
  144 000000CC         
  145 000000CC         Activo2
  146 000000CC 6025            STR              R5, [R4]
  147 000000CE E7E1            B                Lectura
  148 000000D0         
  149 000000D0         Apagado
  150 000000D0 F8C4 8000       STR              R8, [R4]
  151 000000D4 E7DE            B                Lectura
  152 000000D6         
  153 000000D6         
  154 000000D6 00 00           ALIGN
  155 000000D8                 END
              400FE608 
              40005528 
              4000552C 
              40005400 
              40005420 
              4000551C 
              4002552C 
              40025400 
              40025420 
              4002551C 
              40025528 
              40025038 
              4000500C 
              0016E360 
Command Line: --debug --xref --diag_suppress=9931 --cpu=Cortex-M4.fp --apcs=int
erwork --depend=.\objects\interruptgpio.d -o.\objects\interruptgpio.o -I.\RTE\_
Target_1 -IC:\Users\Edesalher\AppData\Local\Arm\Packs\Keil\TM4C_DFP\1.1.0\Devic
e\Include\TM4C123 -IC:\Keil_v5\ARM\CMSIS\Include --predefine="__EVAL SETA 1" --
predefine="__UVISION_VERSION SETA 528" --predefine="TM4C123GH6PM SETA 1" --list
=.\listings\interruptgpio.lst InterruptGPIO.s



ARM Macro Assembler    Page 1 Alphabetic symbol ordering
Relocatable symbols

.text 00000000

Symbol: .text
   Definitions
      At line 31 in file InterruptGPIO.s
   Uses
      None
Comment: .text unused
Activo 000000AA

Symbol: Activo
   Definitions
      At line 123 in file InterruptGPIO.s
   Uses
      At line 111 in file InterruptGPIO.s
      At line 137 in file InterruptGPIO.s

Activo2 000000CC

Symbol: Activo2
   Definitions
      At line 145 in file InterruptGPIO.s
   Uses
      At line 114 in file InterruptGPIO.s
Comment: Activo2 used once
Apagado 000000D0

Symbol: Apagado
   Definitions
      At line 149 in file InterruptGPIO.s
   Uses
      At line 117 in file InterruptGPIO.s
Comment: Apagado used once
Apagado2 000000C4

Symbol: Apagado2
   Definitions
      At line 140 in file InterruptGPIO.s
   Uses
      At line 131 in file InterruptGPIO.s
Comment: Apagado2 used once
Configurations 00000000

Symbol: Configurations
   Definitions
      At line 37 in file InterruptGPIO.s
   Uses
      None
Comment: Configurations unused
Delay 000000B0

Symbol: Delay
   Definitions
      At line 128 in file InterruptGPIO.s
   Uses
      At line 126 in file InterruptGPIO.s
      At line 132 in file InterruptGPIO.s

Delay2 000000BA



ARM Macro Assembler    Page 2 Alphabetic symbol ordering
Relocatable symbols


Symbol: Delay2
   Definitions
      At line 134 in file InterruptGPIO.s
   Uses
      At line 138 in file InterruptGPIO.s
      At line 143 in file InterruptGPIO.s

Lectura 00000094

Symbol: Lectura
   Definitions
      At line 105 in file InterruptGPIO.s
   Uses
      At line 121 in file InterruptGPIO.s
      At line 147 in file InterruptGPIO.s
      At line 151 in file InterruptGPIO.s

Start 00000000

Symbol: Start
   Definitions
      At line 34 in file InterruptGPIO.s
   Uses
      At line 33 in file InterruptGPIO.s
Comment: Start used once
loop 00000098

Symbol: loop
   Definitions
      At line 109 in file InterruptGPIO.s
   Uses
      None
Comment: loop unused
11 symbols



ARM Macro Assembler    Page 1 Alphabetic symbol ordering
Absolute symbols

BUTTONS 4000500C

Symbol: BUTTONS
   Definitions
      At line 27 in file InterruptGPIO.s
   Uses
      At line 106 in file InterruptGPIO.s
Comment: BUTTONS used once
DELAY 0016E360

Symbol: DELAY
   Definitions
      At line 29 in file InterruptGPIO.s
   Uses
      At line 125 in file InterruptGPIO.s
      At line 142 in file InterruptGPIO.s

GPIO_PORTB_AFSEL_R 40005420

Symbol: GPIO_PORTB_AFSEL_R
   Definitions
      At line 6 in file InterruptGPIO.s
   Uses
      At line 57 in file InterruptGPIO.s
Comment: GPIO_PORTB_AFSEL_R used once
GPIO_PORTB_AMSEL_R 40005528

Symbol: GPIO_PORTB_AMSEL_R
   Definitions
      At line 3 in file InterruptGPIO.s
   Uses
      At line 45 in file InterruptGPIO.s
Comment: GPIO_PORTB_AMSEL_R used once
GPIO_PORTB_CR_R 40005524

Symbol: GPIO_PORTB_CR_R
   Definitions
      At line 10 in file InterruptGPIO.s
   Uses
      None
Comment: GPIO_PORTB_CR_R unused
GPIO_PORTB_DEN_R 4000551C

Symbol: GPIO_PORTB_DEN_R
   Definitions
      At line 7 in file InterruptGPIO.s
   Uses
      At line 61 in file InterruptGPIO.s
Comment: GPIO_PORTB_DEN_R used once
GPIO_PORTB_DIR_R 40005400

Symbol: GPIO_PORTB_DIR_R
   Definitions
      At line 5 in file InterruptGPIO.s
   Uses
      At line 53 in file InterruptGPIO.s
Comment: GPIO_PORTB_DIR_R used once
GPIO_PORTB_LOCK_R 40005520




ARM Macro Assembler    Page 2 Alphabetic symbol ordering
Absolute symbols

Symbol: GPIO_PORTB_LOCK_R
   Definitions
      At line 9 in file InterruptGPIO.s
   Uses
      None
Comment: GPIO_PORTB_LOCK_R unused
GPIO_PORTB_PCTL_R 4000552C

Symbol: GPIO_PORTB_PCTL_R
   Definitions
      At line 4 in file InterruptGPIO.s
   Uses
      At line 49 in file InterruptGPIO.s
Comment: GPIO_PORTB_PCTL_R used once
GPIO_PORTB_PUR_R 40005510

Symbol: GPIO_PORTB_PUR_R
   Definitions
      At line 8 in file InterruptGPIO.s
   Uses
      None
Comment: GPIO_PORTB_PUR_R unused
GPIO_PORTF_AFSEL_R 40025420

Symbol: GPIO_PORTF_AFSEL_R
   Definitions
      At line 15 in file InterruptGPIO.s
   Uses
      At line 84 in file InterruptGPIO.s
Comment: GPIO_PORTF_AFSEL_R used once
GPIO_PORTF_AMSEL_R 40025528

Symbol: GPIO_PORTF_AMSEL_R
   Definitions
      At line 12 in file InterruptGPIO.s
   Uses
      At line 94 in file InterruptGPIO.s
Comment: GPIO_PORTF_AMSEL_R used once
GPIO_PORTF_DEN_R 4002551C

Symbol: GPIO_PORTF_DEN_R
   Definitions
      At line 16 in file InterruptGPIO.s
   Uses
      At line 89 in file InterruptGPIO.s
Comment: GPIO_PORTF_DEN_R used once
GPIO_PORTF_DIR_R 40025400

Symbol: GPIO_PORTF_DIR_R
   Definitions
      At line 14 in file InterruptGPIO.s
   Uses
      At line 79 in file InterruptGPIO.s
Comment: GPIO_PORTF_DIR_R used once
GPIO_PORTF_PCTL_R 4002552C

Symbol: GPIO_PORTF_PCTL_R
   Definitions
      At line 13 in file InterruptGPIO.s



ARM Macro Assembler    Page 3 Alphabetic symbol ordering
Absolute symbols

   Uses
      At line 74 in file InterruptGPIO.s
Comment: GPIO_PORTF_PCTL_R used once
LEDS 40025038

Symbol: LEDS
   Definitions
      At line 23 in file InterruptGPIO.s
   Uses
      At line 97 in file InterruptGPIO.s
Comment: LEDS used once
PB0 40005004

Symbol: PB0
   Definitions
      At line 25 in file InterruptGPIO.s
   Uses
      None
Comment: PB0 unused
PB1 40005008

Symbol: PB1
   Definitions
      At line 26 in file InterruptGPIO.s
   Uses
      None
Comment: PB1 unused
PF1 40025008

Symbol: PF1
   Definitions
      At line 20 in file InterruptGPIO.s
   Uses
      None
Comment: PF1 unused
PF2 40025010

Symbol: PF2
   Definitions
      At line 21 in file InterruptGPIO.s
   Uses
      None
Comment: PF2 unused
PF3 40025020

Symbol: PF3
   Definitions
      At line 22 in file InterruptGPIO.s
   Uses
      None
Comment: PF3 unused
SYSCTL_RCGCGPIO_R 400FE608

Symbol: SYSCTL_RCGCGPIO_R
   Definitions
      At line 1 in file InterruptGPIO.s
   Uses
      At line 39 in file InterruptGPIO.s
      At line 67 in file InterruptGPIO.s



ARM Macro Assembler    Page 4 Alphabetic symbol ordering
Absolute symbols


22 symbols
369 symbols in table
