


ARM Macro Assembler    Page 1 


    1 00000000 400FE608 
                       SYSCTL_RCGCGPIO_R
                               EQU              0x400FE608  ;Se habilita el rel
                                                            oj para la TIVA C
    2 00000000         
    3 00000000 40004528 
                       GPIO_PORTA_AMSEL_R
                               EQU              0x40004528  ;Direcciones base p
                                                            ara el puerto A.
    4 00000000 4000452C 
                       GPIO_PORTA_PCTL_R
                               EQU              0x4000452C
    5 00000000 40004400 
                       GPIO_PORTA_DIR_R
                               EQU              0x40004400
    6 00000000 40004420 
                       GPIO_PORTA_AFSEL_R
                               EQU              0x40004420
    7 00000000 4000451C 
                       GPIO_PORTA_DEN_R
                               EQU              0x4000451C
    8 00000000         
    9 00000000 40025528 
                       GPIO_PORTF_AMSEL_R
                               EQU              0x40025528  ;Direcciones base p
                                                            ara el puerto F.
   10 00000000 4002552C 
                       GPIO_PORTF_PCTL_R
                               EQU              0x4002552C
   11 00000000 40025400 
                       GPIO_PORTF_DIR_R
                               EQU              0x40025400
   12 00000000 40025420 
                       GPIO_PORTF_AFSEL_R
                               EQU              0x40025420
   13 00000000 4002551C 
                       GPIO_PORTF_DEN_R
                               EQU              0x4002551C
   14 00000000         
   15 00000000 40004020 
                       PA3     EQU              0x40004020  ;Dirección para el 
                                                            Bit 3 del puerto A,
                                                             PA3.
   16 00000000 40025020 
                       PF3     EQU              0x40025020  ;Dirección para el 
                                                            Bit 3 del puerto F,
                                                             PF3.
   17 00000000 03AA6A60 
                       DELAY   EQU              61500000    ;Delay aprox. de 19
                                                             seg.
   18 00000000         
   19 00000000                 AREA             |.text|, CODE, READONLY, ALIGN=
2
   20 00000000                 THUMB
   21 00000000                 EXPORT           Start
   22 00000000         
   23 00000000         
   24 00000000         Start
   25 00000000 F000 F803       BL               ConfigPuertoA



ARM Macro Assembler    Page 2 


   26 00000004 F000 F822       BL               ConfigPuertoF
   27 00000008 E041            B                LED1_ON
   28 0000000A         
   29 0000000A         ConfigPuertoA
   30 0000000A 4932            LDR              R1, =SYSCTL_RCGCGPIO_R ;Se acti
                                                            va reloj para puert
                                                            o A. 
   31 0000000C 6808            LDR              R0, [R1]
   32 0000000E F040 0001       ORR              R0, R0, #0x01
   33 00000012 6008            STR              R0, [R1]
   34 00000014 BF00            NOP
   35 00000016 BF00            NOP
   36 00000018         
   37 00000018 492F            LDR              R1, =GPIO_PORTA_AMSEL_R ;Se eli
                                                            minan las funciones
                                                             analógicas del pue
                                                            rto A.
   38 0000001A 6808            LDR              R0, [R1]
   39 0000001C F020 0008       BIC              R0, R0, #0x08
   40 00000020 6008            STR              R0, [R1]
   41 00000022         
   42 00000022 492E            LDR              R1, =GPIO_PORTA_PCTL_R ;Se habi
                                                            lita el puerto A co
                                                            mo GPIO.
   43 00000024 6808            LDR              R0, [R1]
   44 00000026 F020 6070       BIC              R0, R0, #0x0F000000 ; 
   45 0000002A 6008            STR              R0, [R1]
   46 0000002C         
   47 0000002C 492C            LDR              R1, =GPIO_PORTA_DIR_R ;Se estab
                                                            lece como entrada o
                                                             salida el puerto A
                                                            .
   48 0000002E 6808            LDR              R0, [R1]
   49 00000030 F040 0008       ORR              R0, R0, #0x08
   50 00000034 6008            STR              R0, [R1]
   51 00000036         
   52 00000036 492B            LDR              R1, =GPIO_PORTA_AFSEL_R ;Se des
                                                            habilita otras func
                                                            iones de puerto A.
   53 00000038 6808            LDR              R0, [R1]
   54 0000003A F020 0008       BIC              R0, R0, #0x08
   55 0000003E 6008            STR              R0, [R1]
   56 00000040         
   57 00000040 4929            LDR              R1, =GPIO_PORTA_DEN_R ;Se habil
                                                            ita la función digi
                                                            tal del puerto A.  
                                                                 
   58 00000042 6808            LDR              R0, [R1]
   59 00000044 F040 0008       ORR              R0,#0x08
   60 00000048 6008            STR              R0, [R1]
   61 0000004A         
   62 0000004A 4770            BX               LR
   63 0000004C         
   64 0000004C         ConfigPuertoF
   65 0000004C 4921            LDR              R1, =SYSCTL_RCGCGPIO_R ;Se acti
                                                            va reloj para puert
                                                            o F. 
   66 0000004E 6808            LDR              R0, [R1]
   67 00000050 F040 0020       ORR              R0, R0, #0x20



ARM Macro Assembler    Page 3 


   68 00000054 6008            STR              R0, [R1]
   69 00000056 BF00            NOP
   70 00000058 BF00            NOP
   71 0000005A         
   72 0000005A 4924            LDR              R1, =GPIO_PORTF_AMSEL_R ;Se eli
                                                            minan las funciones
                                                             analógicas del pue
                                                            rto F.
   73 0000005C 6808            LDR              R0, [R1]
   74 0000005E F020 0008       BIC              R0, R0, #0x08
   75 00000062 6008            STR              R0, [R1]
   76 00000064         
   77 00000064 4922            LDR              R1, =GPIO_PORTF_PCTL_R ;Se habi
                                                            lita el puerto F co
                                                            mo GPIO.
   78 00000066 6808            LDR              R0, [R1]
   79 00000068 F020 6070       BIC              R0, R0, #0x0F000000 ; 
   80 0000006C 6008            STR              R0, [R1]
   81 0000006E         
   82 0000006E 4921            LDR              R1, =GPIO_PORTF_DIR_R ;Se estab
                                                            lece como entrada o
                                                             salida el puerto F
                                                            .
   83 00000070 6808            LDR              R0, [R1]
   84 00000072 F040 0008       ORR              R0, R0, #0x08
   85 00000076 6008            STR              R0, [R1]
   86 00000078         
   87 00000078 491F            LDR              R1, =GPIO_PORTF_AFSEL_R ;Se des
                                                            habilita otras func
                                                            iones de puerto F.
   88 0000007A 6808            LDR              R0, [R1]
   89 0000007C F020 0008       BIC              R0, R0, #0x08
   90 00000080 6008            STR              R0, [R1]
   91 00000082         
   92 00000082 491E            LDR              R1, =GPIO_PORTF_DEN_R ;Se habil
                                                            ita la función digi
                                                            tal del puerto F.  
                                                                 
   93 00000084 6808            LDR              R0, [R1]
   94 00000086 F040 0008       ORR              R0,#0x08
   95 0000008A 6008            STR              R0, [R1]
   96 0000008C         
   97 0000008C 4770            BX               LR
   98 0000008E         
   99 0000008E         
  100 0000008E         LED1_ON
  101 0000008E 491C            LDR              R1, =PA3
  102 00000090 F04F 0008       MOV              R0, #0x08   ;
  103 00000094 6008            STR              R0, [R1]    ;
  104 00000096 491B            LDR              R1, =DELAY
  105 00000098 E7FF            B                Delay_1
  106 0000009A         
  107 0000009A         Delay_1
  108 0000009A F1A1 0101       SUB              R1, #1
  109 0000009E 2900            CMP              R1, #0
  110 000000A0 D000            BEQ              LED1_OFF
  111 000000A2 E7FA            B                Delay_1
  112 000000A4         
  113 000000A4         LED1_OFF



ARM Macro Assembler    Page 4 


  114 000000A4 4916            LDR              R1, =PA3
  115 000000A6 F04F 0000       MOV              R0, #0x00   ;
  116 000000AA 6008            STR              R0, [R1]    ;
  117 000000AC 4915            LDR              R1, =DELAY
  118 000000AE E7FF            B                LED2_ON
  119 000000B0         
  120 000000B0         LED2_ON
  121 000000B0 4915            LDR              R1, =PF3
  122 000000B2 F04F 0008       MOV              R0, #0x08   ;
  123 000000B6 6008            STR              R0, [R1]    ;
  124 000000B8 4912            LDR              R1, =DELAY
  125 000000BA E7FF            B                Delay_2
  126 000000BC         
  127 000000BC         Delay_2
  128 000000BC F1A1 0101       SUB              R1, #1
  129 000000C0 2900            CMP              R1, #0
  130 000000C2 D000            BEQ              LED2_OFF
  131 000000C4 E7FA            B                Delay_2
  132 000000C6         
  133 000000C6         LED2_OFF
  134 000000C6 4910            LDR              R1, =PF3
  135 000000C8 F04F 0000       MOV              R0, #0x00   ;
  136 000000CC 6008            STR              R0, [R1]    ;
  137 000000CE 490D            LDR              R1, =DELAY
  138 000000D0 E7DD            B                LED1_ON
  139 000000D2         
  140 000000D2         
  141 000000D2 00 00           ALIGN
  142 000000D4                 END
              400FE608 
              40004528 
              4000452C 
              40004400 
              40004420 
              4000451C 
              40025528 
              4002552C 
              40025400 
              40025420 
              4002551C 
              40004020 
              03AA6A60 
              40025020 
Command Line: --debug --xref --diag_suppress=9931 --cpu=Cortex-M4.fp --apcs=int
erwork --depend=.\objects\practica1.d -o.\objects\practica1.o -I.\RTE\_Target_1
 -IC:\Users\Edesalher\AppData\Local\Arm\Packs\Keil\TM4C_DFP\1.1.0\Device\Includ
e\TM4C123 -IC:\Keil_v5\ARM\CMSIS\Include --predefine="__EVAL SETA 1" --predefin
e="__UVISION_VERSION SETA 528" --predefine="TM4C123GH6PM SETA 1" --list=.\listi
ngs\practica1.lst PRACTICA1.s



ARM Macro Assembler    Page 1 Alphabetic symbol ordering
Relocatable symbols

.text 00000000

Symbol: .text
   Definitions
      At line 19 in file PRACTICA1.s
   Uses
      None
Comment: .text unused
ConfigPuertoA 0000000A

Symbol: ConfigPuertoA
   Definitions
      At line 29 in file PRACTICA1.s
   Uses
      At line 25 in file PRACTICA1.s
Comment: ConfigPuertoA used once
ConfigPuertoF 0000004C

Symbol: ConfigPuertoF
   Definitions
      At line 64 in file PRACTICA1.s
   Uses
      At line 26 in file PRACTICA1.s
Comment: ConfigPuertoF used once
Delay_1 0000009A

Symbol: Delay_1
   Definitions
      At line 107 in file PRACTICA1.s
   Uses
      At line 105 in file PRACTICA1.s
      At line 111 in file PRACTICA1.s

Delay_2 000000BC

Symbol: Delay_2
   Definitions
      At line 127 in file PRACTICA1.s
   Uses
      At line 125 in file PRACTICA1.s
      At line 131 in file PRACTICA1.s

LED1_OFF 000000A4

Symbol: LED1_OFF
   Definitions
      At line 113 in file PRACTICA1.s
   Uses
      At line 110 in file PRACTICA1.s
Comment: LED1_OFF used once
LED1_ON 0000008E

Symbol: LED1_ON
   Definitions
      At line 100 in file PRACTICA1.s
   Uses
      At line 27 in file PRACTICA1.s
      At line 138 in file PRACTICA1.s




ARM Macro Assembler    Page 2 Alphabetic symbol ordering
Relocatable symbols

LED2_OFF 000000C6

Symbol: LED2_OFF
   Definitions
      At line 133 in file PRACTICA1.s
   Uses
      At line 130 in file PRACTICA1.s
Comment: LED2_OFF used once
LED2_ON 000000B0

Symbol: LED2_ON
   Definitions
      At line 120 in file PRACTICA1.s
   Uses
      At line 118 in file PRACTICA1.s
Comment: LED2_ON used once
Start 00000000

Symbol: Start
   Definitions
      At line 24 in file PRACTICA1.s
   Uses
      At line 21 in file PRACTICA1.s
Comment: Start used once
10 symbols



ARM Macro Assembler    Page 1 Alphabetic symbol ordering
Absolute symbols

DELAY 03AA6A60

Symbol: DELAY
   Definitions
      At line 17 in file PRACTICA1.s
   Uses
      At line 104 in file PRACTICA1.s
      At line 117 in file PRACTICA1.s
      At line 124 in file PRACTICA1.s
      At line 137 in file PRACTICA1.s

GPIO_PORTA_AFSEL_R 40004420

Symbol: GPIO_PORTA_AFSEL_R
   Definitions
      At line 6 in file PRACTICA1.s
   Uses
      At line 52 in file PRACTICA1.s
Comment: GPIO_PORTA_AFSEL_R used once
GPIO_PORTA_AMSEL_R 40004528

Symbol: GPIO_PORTA_AMSEL_R
   Definitions
      At line 3 in file PRACTICA1.s
   Uses
      At line 37 in file PRACTICA1.s
Comment: GPIO_PORTA_AMSEL_R used once
GPIO_PORTA_DEN_R 4000451C

Symbol: GPIO_PORTA_DEN_R
   Definitions
      At line 7 in file PRACTICA1.s
   Uses
      At line 57 in file PRACTICA1.s
Comment: GPIO_PORTA_DEN_R used once
GPIO_PORTA_DIR_R 40004400

Symbol: GPIO_PORTA_DIR_R
   Definitions
      At line 5 in file PRACTICA1.s
   Uses
      At line 47 in file PRACTICA1.s
Comment: GPIO_PORTA_DIR_R used once
GPIO_PORTA_PCTL_R 4000452C

Symbol: GPIO_PORTA_PCTL_R
   Definitions
      At line 4 in file PRACTICA1.s
   Uses
      At line 42 in file PRACTICA1.s
Comment: GPIO_PORTA_PCTL_R used once
GPIO_PORTF_AFSEL_R 40025420

Symbol: GPIO_PORTF_AFSEL_R
   Definitions
      At line 12 in file PRACTICA1.s
   Uses
      At line 87 in file PRACTICA1.s
Comment: GPIO_PORTF_AFSEL_R used once



ARM Macro Assembler    Page 2 Alphabetic symbol ordering
Absolute symbols

GPIO_PORTF_AMSEL_R 40025528

Symbol: GPIO_PORTF_AMSEL_R
   Definitions
      At line 9 in file PRACTICA1.s
   Uses
      At line 72 in file PRACTICA1.s
Comment: GPIO_PORTF_AMSEL_R used once
GPIO_PORTF_DEN_R 4002551C

Symbol: GPIO_PORTF_DEN_R
   Definitions
      At line 13 in file PRACTICA1.s
   Uses
      At line 92 in file PRACTICA1.s
Comment: GPIO_PORTF_DEN_R used once
GPIO_PORTF_DIR_R 40025400

Symbol: GPIO_PORTF_DIR_R
   Definitions
      At line 11 in file PRACTICA1.s
   Uses
      At line 82 in file PRACTICA1.s
Comment: GPIO_PORTF_DIR_R used once
GPIO_PORTF_PCTL_R 4002552C

Symbol: GPIO_PORTF_PCTL_R
   Definitions
      At line 10 in file PRACTICA1.s
   Uses
      At line 77 in file PRACTICA1.s
Comment: GPIO_PORTF_PCTL_R used once
PA3 40004020

Symbol: PA3
   Definitions
      At line 15 in file PRACTICA1.s
   Uses
      At line 101 in file PRACTICA1.s
      At line 114 in file PRACTICA1.s

PF3 40025020

Symbol: PF3
   Definitions
      At line 16 in file PRACTICA1.s
   Uses
      At line 121 in file PRACTICA1.s
      At line 134 in file PRACTICA1.s

SYSCTL_RCGCGPIO_R 400FE608

Symbol: SYSCTL_RCGCGPIO_R
   Definitions
      At line 1 in file PRACTICA1.s
   Uses
      At line 30 in file PRACTICA1.s
      At line 65 in file PRACTICA1.s




ARM Macro Assembler    Page 3 Alphabetic symbol ordering
Absolute symbols

14 symbols
360 symbols in table
